\BOOKMARK [0][-]{section*.4}{\376\377\144\130\000\040\211\201}{}% 1
\BOOKMARK [0][-]{section*.5}{\376\377\000A\000b\000s\000t\000r\000a\000c\000t}{}% 2
\BOOKMARK [0][-]{chapter.1}{\376\377\176\352\213\272}{}% 3
\BOOKMARK [1][-]{section.1.1}{\376\377\170\024\172\166\200\314\146\157\116\016\141\017\116\111}{chapter.1}% 4
\BOOKMARK [1][-]{section.1.2}{\376\377\126\375\121\205\131\026\170\024\172\166\163\260\162\266}{chapter.1}% 5
\BOOKMARK [2][-]{subsection.1.2.1}{\376\377\220\145\141\037\126\376\120\317\131\032\174\222\136\246\211\306\211\311\141\037\167\345\170\024\172\166\163\260\162\266}{section.1.2}% 6
\BOOKMARK [2][-]{subsection.1.2.2}{\376\377\155\361\136\246\211\306\211\311\152\041\127\213\166\204\217\173\221\317\123\026\203\003\137\017\163\260\162\266}{section.1.2}% 7
\BOOKMARK [2][-]{subsection.1.2.3}{\376\377\116\377\165\037\147\072\164\006\127\050\213\241\173\227\211\306\211\311\116\055\166\204\136\224\165\050}{section.1.2}% 8
\BOOKMARK [1][-]{section.1.3}{\376\377\147\054\145\207\227\142\116\064\166\204\116\073\211\201\143\021\142\030\116\016\171\321\133\146\225\356\230\230}{chapter.1}% 9
\BOOKMARK [1][-]{section.1.4}{\376\377\147\054\145\207\116\073\211\201\170\024\172\166\121\205\133\271\116\016\215\041\163\056}{chapter.1}% 10
\BOOKMARK [1][-]{section.1.5}{\376\377\213\272\145\207\176\304\176\307\176\323\147\204}{chapter.1}% 11
\BOOKMARK [0][-]{chapter.2}{\376\377\131\032\174\222\136\246\141\037\167\345\164\006\213\272\116\016\116\377\165\037\217\173\221\317\123\026\145\271\154\325\127\372\170\100}{}% 12
\BOOKMARK [1][-]{section.2.1}{\376\377\137\025\212\000}{chapter.2}% 13
\BOOKMARK [1][-]{section.2.2}{\376\377\220\145\141\037\137\161\120\317\131\032\174\222\136\246\211\306\211\311\141\037\167\345\116\373\122\241\166\204\145\160\133\146\210\150\137\201\116\016\117\030\123\026\166\356\150\007}{chapter.2}% 14
\BOOKMARK [2][-]{subsection.2.2.1}{\376\377\133\236\117\213\176\247\141\037\167\345\377\010\220\145\141\037\166\356\150\007\150\300\155\113\377\011\166\204\172\172\225\364\146\040\134\004\116\016\143\137\131\061\152\041\127\213}{section.2.2}% 15
\BOOKMARK [2][-]{subsection.2.2.2}{\376\377\172\172\225\364\120\317\175\040\176\247\141\037\167\345\377\010\213\355\116\111\122\006\122\162\377\011\166\204\127\072\122\006\136\003\152\041\127\213}{section.2.2}% 16
\BOOKMARK [2][-]{subsection.2.2.3}{\376\377\121\111\214\061\120\317\175\040\176\247\141\037\167\345\377\010\232\330\121\111\214\061\122\006\174\173\377\011\166\204\232\330\176\364\155\101\137\142\152\041\127\213}{section.2.2}% 17
\BOOKMARK [1][-]{section.2.3}{\376\377\217\271\177\030\213\241\173\227\220\350\177\162\116\055\166\204\170\154\116\366\176\246\147\137\116\016\131\015\147\102\136\246\213\304\116\367\117\123\174\373}{chapter.2}% 18
\BOOKMARK [2][-]{subsection.2.3.1}{\376\377\145\366\225\364\131\015\147\102\136\246\377\032\155\156\160\271\217\320\173\227\221\317\377\010\000F\000L\000O\000P\000s\377\011}{section.2.3}% 19
\BOOKMARK [2][-]{subsection.2.3.2}{\376\377\172\172\225\364\131\015\147\102\136\246\377\032\123\302\145\160\211\304\152\041\377\010\000P\000a\000r\000a\000m\000s\377\011\116\016\146\076\133\130\123\140\165\050}{section.2.3}% 20
\BOOKMARK [2][-]{subsection.2.3.3}{\376\377\173\227\122\233\000-\213\277\133\130\164\366\230\210\377\032\173\227\147\057\137\072\136\246\377\010\000A\000r\000i\000t\000h\000m\000e\000t\000i\000c\000\040\000I\000n\000t\000e\000n\000s\000i\000t\000y\377\011\116\016\136\366\217\337}{section.2.3}% 21
\BOOKMARK [1][-]{section.2.4}{\376\377\155\361\136\246\211\306\211\311\152\041\127\213\166\204\217\173\221\317\123\026\157\024\217\333\147\072\164\006}{chapter.2}% 22
\BOOKMARK [2][-]{subsection.2.4.1}{\376\377\152\041\127\213\123\213\177\051\377\032\127\372\116\216\154\360\122\322\134\125\137\000\116\016\203\003\145\160\166\204\177\121\176\334\172\000\165\217\123\026\147\072\164\006}{section.2.4}% 23
\BOOKMARK [2][-]{subsection.2.4.2}{\376\377\123\302\145\160\232\330\145\110\137\256\214\003\377\032\117\116\171\351\172\172\225\364\146\040\134\004\147\072\164\006}{section.2.4}% 24
\BOOKMARK [2][-]{subsection.2.4.3}{\376\377\217\173\221\317\123\026\173\227\133\120\166\204\137\040\221\317\211\343\200\046\147\072\164\006}{section.2.4}% 25
\BOOKMARK [1][-]{section.2.5}{\376\377\211\306\211\311\116\377\165\037\133\146\116\016\213\241\173\227\171\136\176\317\171\321\133\146\166\204\121\110\232\214\127\372\170\100}{chapter.2}% 26
\BOOKMARK [2][-]{subsection.2.5.1}{\376\377\171\136\176\317\172\201\211\346\123\357\130\121\140\047\116\016\122\006\137\142\172\000\165\217\164\006\213\272}{section.2.5}% 27
\BOOKMARK [2][-]{subsection.2.5.2}{\376\377\116\272\174\173\211\306\211\311\174\373\176\337\377\010\000H\000V\000S\377\011\166\204\172\172\225\364\000-\230\221\163\207\123\314\127\337\123\117\124\014\164\006\213\272}{section.2.5}% 28
\BOOKMARK [2][-]{subsection.2.5.3}{\376\377\146\006\206\153\131\015\167\074\121\111\214\061\220\011\142\351\140\047\116\016\117\341\140\157\164\366\230\210\164\006\213\272}{section.2.5}% 29
\BOOKMARK [1][-]{section.2.6}{\376\377\147\054\172\340\134\017\176\323}{chapter.2}% 30
\BOOKMARK [0][-]{chapter.3}{\376\377\133\236\117\213\176\247\174\227\174\222\136\246\141\037\167\345\377\032\127\372\116\216\116\377\165\037\122\152\147\235\166\204\217\173\221\317\123\026\166\356\150\007\133\232\117\115\145\271\154\325}{}% 31
\BOOKMARK [1][-]{section.3.1}{\376\377\137\025\212\000\377\032\136\177\127\337\144\034\133\373\166\204\227\000\154\102\116\016\127\372\170\100\152\041\127\213\123\213\177\051\164\366\230\210}{chapter.3}% 32
\BOOKMARK [2][-]{subsection.3.1.1}{\376\377\220\145\141\037\166\356\150\007\150\300\155\113\116\016\136\177\127\337\144\034\133\373\166\204\162\171\147\011\143\021\142\030}{section.3.1}% 33
\BOOKMARK [2][-]{subsection.3.1.2}{\376\377\220\145\141\037\211\306\211\311\127\372\170\100\152\041\127\213\166\204\135\033\215\167\116\016\217\271\177\030\173\227\122\233\126\360\130\203}{section.3.1}% 34
\BOOKMARK [2][-]{subsection.3.1.3}{\376\377\152\041\127\213\123\213\177\051\166\204\201\364\124\175\164\366\230\210\377\032\137\256\137\061\162\171\137\201\137\045\145\143\116\016\134\072\136\246\220\000\123\026}{section.3.1}% 35
\BOOKMARK [1][-]{section.3.2}{\376\377\127\372\176\277\147\266\147\204\116\016\162\171\137\201\137\045\145\143\147\072\164\006}{chapter.3}% 36
\BOOKMARK [2][-]{subsection.3.2.1}{\376\377\131\032\116\373\122\241\230\204\213\255\176\303\377\010\000M\000T\000P\377\011\127\372\176\277\147\266\147\204\147\204\136\372}{section.3.2}% 37
\BOOKMARK [2][-]{subsection.3.2.2}{\376\377\217\271\177\030\220\350\177\162\126\360\130\203\116\016\176\277\140\047\123\213\177\051\116\013\166\204\162\171\137\201\137\045\145\143\147\072\164\006}{section.3.2}% 38
\BOOKMARK [1][-]{section.3.3}{\376\377\172\201\211\346\122\006\137\142\122\152\147\235\147\072\122\066\166\204\145\160\133\146\136\372\152\041\116\016\172\000\165\217\123\026\221\315\147\204}{chapter.3}% 39
\BOOKMARK [2][-]{subsection.3.3.1}{\376\377\133\371\171\360\162\171\137\201\146\040\134\004\177\121\176\334\116\016\155\101\137\142\116\244\176\307\173\227\133\120\213\276\213\241}{section.3.3}% 40
\BOOKMARK [2][-]{subsection.3.3.2}{\376\377\150\257\136\246\135\356\137\002\173\227\133\120\147\204\136\372\116\016\123\357\137\256\225\350\143\247\133\373\117\030}{section.3.3}% 41
\BOOKMARK [2][-]{subsection.3.3.3}{\376\377\171\273\145\143\170\154\226\010\120\074\142\052\145\255\147\072\122\066\116\016\123\327\143\247\153\213\135\356\154\350\121\145}{section.3.3}% 42
\BOOKMARK [2][-]{subsection.3.3.4}{\376\377\377\010\0001\000.\0001\000.\0002\000\040\230\230\166\356\377\011}{section.3.3}% 43
\BOOKMARK [1][-]{section.3.4}{\376\377\377\010\0001\000.\0002\000\040\230\230\166\356\377\011}{chapter.3}% 44
\BOOKMARK [1][-]{section.3.5}{\376\377\377\010\0001\000.\0003\000\040\230\230\166\356\377\011}{chapter.3}% 45
\BOOKMARK [2][-]{subsection.3.5.1}{\376\377\377\010\0001\000.\0003\000.\0001\000\040\230\230\166\356\377\011}{section.3.5}% 46
\BOOKMARK [2][-]{subsection.3.5.2}{\376\377\377\010\0001\000.\0003\000.\0002\000\040\230\230\166\356\377\011}{section.3.5}% 47
\BOOKMARK [0][-]{chapter*.15}{\376\377\201\364\214\042}{}% 48
\BOOKMARK [0][-]{section*.16}{\376\377\123\302\200\003\145\207\163\056}{}% 49
\BOOKMARK [0][-]{chapter*.18}{\376\377\117\134\200\005\127\050\133\146\147\037\225\364\123\326\137\227\166\204\133\146\147\057\142\020\147\234}{}% 50
\BOOKMARK [0][-]{appendix.A}{\376\377\152\041\147\177\143\320\117\233\166\204\136\014\201\112\133\127\153\315\124\175\116\344\122\027\210\150}{}% 51
